#
# There is insufficient memory for the Java Runtime Environment to continue.
# Native memory allocation (mmap) failed to map 335544320 bytes for Failed to commit area from 0x00000006c1e00000 to 0x00000006d5e00000 of length 335544320.
# Possible reasons:
#   The system is out of physical RAM or swap space
#   The process is running with CompressedOops enabled, and the Java Heap may be blocking the growth of the native heap
# Possible solutions:
#   Reduce memory load on the system
#   Increase physical memory or swap space
#   Check if swap backing store is full
#   Decrease Java heap size (-Xmx/-Xms)
#   Decrease number of Java threads
#   Decrease Java thread stack sizes (-Xss)
#   Set larger code cache with -XX:ReservedCodeCacheSize=
#   JVM is running with Zero Based Compressed Oops mode in which the Java heap is
#     placed in the first 32GB address space. The Java Heap base address is the
#     maximum limit for the native heap growth. Please use -XX:HeapBaseMinAddress
#     to set the Java Heap base and to place the Java Heap above 32GB virtual address.
# This output file may be truncated or incomplete.
#
#  Out of Memory Error (./open/src/hotspot/os/windows/os_windows.cpp:3315), pid=5068, tid=17440
#
# JRE version:  (14.0.1+7) (build )
# Java VM: Java HotSpot(TM) 64-Bit Server VM (14.0.1+7, mixed mode, sharing, tiered, compressed oops, g1 gc, windows-amd64)
# No core dump will be written. Minidumps are not enabled by default on client versions of Windows
#

---------------  S U M M A R Y ------------

Command Line: org.jetbrains.kotlin.cli.jvm.K2JVMCompiler @C:\Users\Soliman\AndroidStudioProjects\BeClose\app\build\20210105_9199948145497428720.compiler.options

Host: Intel(R) Core(TM) i7-6500U CPU @ 2.50GHz, 4 cores, 19G,  Windows 10 , 64 bit Build 18362 (10.0.18362.959)
Time: Tue Jan  5 21:47:35 2021 Egypt Standard Time elapsed time: 0 seconds (0d 0h 0m 0s)

---------------  T H R E A D  ---------------

Current thread (0x000002a91f7a4000):  JavaThread "Unknown thread" [_thread_in_vm, id=17440, stack(0x000000cd73100000,0x000000cd73200000)]

Stack: [0x000000cd73100000,0x000000cd73200000]
Native frames: (J=compiled Java code, j=interpreted, Vv=VM code, C=native code)
V  [jvm.dll+0x5f840a]
V  [jvm.dll+0x741e4a]
V  [jvm.dll+0x7435ff]
V  [jvm.dll+0x743c43]
V  [jvm.dll+0x20d288]
V  [jvm.dll+0x5f57ba]
V  [jvm.dll+0x5ea615]
V  [jvm.dll+0x2c7e9c]
V  [jvm.dll+0x2c7cd2]
V  [jvm.dll+0x2cdbbc]
V  [jvm.dll+0x313ff8]
V  [jvm.dll+0x313720]
V  [jvm.dll+0x2a092a]
V  [jvm.dll+0x2a1a79]
V  [jvm.dll+0x71f718]
V  [jvm.dll+0x321c44]
V  [jvm.dll+0x700b0c]
V  [jvm.dll+0x392dff]
V  [jvm.dll+0x394e71]
C  [jli.dll+0x523b]
C  [ucrtbase.dll+0x20e82]
C  [KERNEL32.DLL+0x17bd4]
C  [ntdll.dll+0x6ce51]


---------------  P R O C E S S  ---------------

Threads class SMR info:
_java_thread_list=0x00007ffefbdc3078, length=0, elements={
}

Java Threads: ( => current thread )

Other Threads:
  0x000002a91f81e800 GCTaskThread "GC Thread#0" [stack: 0x000000cd73200000,0x000000cd73300000] [id=1432]
  0x000002a91f848800 ConcurrentGCThread "G1 Main Marker" [stack: 0x000000cd73300000,0x000000cd73400000] [id=16776]
  0x000002a91f849800 ConcurrentGCThread "G1 Conc#0" [stack: 0x000000cd73400000,0x000000cd73500000] [id=1696]

[error occurred during error reporting (printing all threads), id 0xc0000005, EXCEPTION_ACCESS_VIOLATION (0xc0000005) at pc=0x00007ffefb5f1257]

VM state:not at safepoint (not fully initialized)

VM Mutex/Monitor currently owned by a thread:  ([mutex/lock_event])
[0x000002a91f7a19e0] Heap_lock - owner thread: 0x000002a91f7a4000

Heap address: 0x00000006c1e00000, size: 5090 MB, Compressed Oops mode: Zero based, Oop shift amount: 3
Narrow klass base: 0x0000000000000000, Narrow klass shift: 0

GC Heap History (0 events):
No events

Deoptimization events (0 events):
No events

Classes unloaded (0 events):
No events

Classes redefined (0 events):
No events

Internal exceptions (0 events):
No events

Events (2 events):
Event: 0.011 Loaded shared library C:\Program Files\Java\jdk-14.0.1\bin\java.dll
Event: 0.011 Loaded shared library C:\Program Files\Java\jdk-14.0.1\bin\zip.dll


Dynamic libraries:
0x00007ff7ebb60000 - 0x00007ff7ebb6f000 	C:\Program Files\Java\jdk-14.0.1\bin\java.exe
0x00007fff3f880000 - 0x00007fff3fa70000 	C:\Windows\SYSTEM32\ntdll.dll
0x00007fff3dc50000 - 0x00007fff3dd02000 	C:\Windows\System32\KERNEL32.DLL
0x00007fff3cea0000 - 0x00007fff3d144000 	C:\Windows\System32\KERNELBASE.dll
0x00007fff3c800000 - 0x00007fff3c8fa000 	C:\Windows\System32\ucrtbase.dll
0x00007fff3a4e0000 - 0x00007fff3a4f5000 	C:\Program Files\Java\jdk-14.0.1\bin\VCRUNTIME140.dll
0x00007fff34a80000 - 0x00007fff34a98000 	C:\Program Files\Java\jdk-14.0.1\bin\jli.dll
0x00007fff3e580000 - 0x00007fff3e623000 	C:\Windows\System32\ADVAPI32.dll
0x00007fff3ed70000 - 0x00007fff3ee0e000 	C:\Windows\System32\msvcrt.dll
0x00007fff3dfd0000 - 0x00007fff3e067000 	C:\Windows\System32\sechost.dll
0x00007fff3dd40000 - 0x00007fff3de60000 	C:\Windows\System32\RPCRT4.dll
0x00007fff3d930000 - 0x00007fff3dac4000 	C:\Windows\System32\USER32.dll
0x00007fff3cdc0000 - 0x00007fff3cde1000 	C:\Windows\System32\win32u.dll
0x00007fff2b0a0000 - 0x00007fff2b324000 	C:\Windows\WinSxS\amd64_microsoft.windows.common-controls_6595b64144ccf1df_6.0.18362.959_none_e6c7bbbf130c62bb\COMCTL32.dll
0x00007fff3dd10000 - 0x00007fff3dd36000 	C:\Windows\System32\GDI32.dll
0x00007fff3e220000 - 0x00007fff3e555000 	C:\Windows\System32\combase.dll
0x00007fff3cbd0000 - 0x00007fff3cd66000 	C:\Windows\System32\gdi32full.dll
0x00007fff3cb30000 - 0x00007fff3cbce000 	C:\Windows\System32\msvcp_win.dll
0x00007fff3c900000 - 0x00007fff3c980000 	C:\Windows\System32\bcryptPrimitives.dll
0x00007fff2eee0000 - 0x00007fff2eeea000 	C:\Windows\SYSTEM32\VERSION.dll
0x00007fff3f810000 - 0x00007fff3f83e000 	C:\Windows\System32\IMM32.DLL
0x00007fff1f3a0000 - 0x00007fff1f43b000 	C:\Program Files\Java\jdk-14.0.1\bin\msvcp140.dll
0x00007ffefb340000 - 0x00007ffefbe5e000 	C:\Program Files\Java\jdk-14.0.1\bin\server\jvm.dll
0x00007fff3f500000 - 0x00007fff3f508000 	C:\Windows\System32\PSAPI.DLL
0x00007fff3a000000 - 0x00007fff3a024000 	C:\Windows\SYSTEM32\WINMM.dll
0x00007fff33b60000 - 0x00007fff33b69000 	C:\Windows\SYSTEM32\WSOCK32.dll
0x00007fff3e6b0000 - 0x00007fff3e71f000 	C:\Windows\System32\WS2_32.dll
0x00007fff39ef0000 - 0x00007fff39f1d000 	C:\Windows\SYSTEM32\WINMMBASE.dll
0x00007fff3cd70000 - 0x00007fff3cdba000 	C:\Windows\System32\cfgmgr32.dll
0x00007fff3c760000 - 0x00007fff3c771000 	C:\Windows\System32\kernel.appcore.dll
0x00007fff36270000 - 0x00007fff3627a000 	C:\Program Files\Java\jdk-14.0.1\bin\jimage.dll
0x00007fff27dd0000 - 0x00007fff27fc4000 	C:\Windows\SYSTEM32\DBGHELP.DLL
0x00007fff27b80000 - 0x00007fff27baa000 	C:\Windows\SYSTEM32\dbgcore.DLL
0x00007fff2d5f0000 - 0x00007fff2d615000 	C:\Program Files\Java\jdk-14.0.1\bin\java.dll
0x00007fff31dc0000 - 0x00007fff31dd6000 	C:\Program Files\Java\jdk-14.0.1\bin\zip.dll

dbghelp: loaded successfully - version: 4.0.5 - missing functions: none
symbol engine: initialized successfully - sym options: 0x614 - pdb path: .;C:\Program Files\Java\jdk-14.0.1\bin;C:\Windows\SYSTEM32;C:\Windows\WinSxS\amd64_microsoft.windows.common-controls_6595b64144ccf1df_6.0.18362.959_none_e6c7bbbf130c62bb;C:\Program Files\Java\jdk-14.0.1\bin\server

VM Arguments:
java_command: org.jetbrains.kotlin.cli.jvm.K2JVMCompiler @C:\Users\Soliman\AndroidStudioProjects\BeClose\app\build\20210105_9199948145497428720.compiler.options
java_class_path (initial): C:\Users\Soliman\.gradle\caches\modules-2\files-2.1\org.jetbrains.kotlin\kotlin-compiler-embeddable\1.4.10\38c4b99d5d5362debdd9302a866730379aa2328a\kotlin-compiler-embeddable-1.4.10.jar;C:\Users\Soliman\.gradle\caches\modules-2\files-2.1\org.jetbrains.kotlin\kotlin-reflect\1.4.10\e2b3c6695eee6085e606d96d685396dce23a3a06\kotlin-reflect-1.4.10.jar;C:\Users\Soliman\.gradle\caches\modules-2\files-2.1\org.jetbrains.kotlin\kotlin-stdlib\1.4.10\ea29e063d2bbe695be13e9d044dcfb0c7add398e\kotlin-stdlib-1.4.10.jar;C:\Users\Soliman\.gradle\caches\modules-2\files-2.1\org.jetbrains.kotlin\kotlin-script-runtime\1.4.10\7c19d9c2001e016cd7664cebe9eea66fc04a7f4f\kotlin-script-runtime-1.4.10.jar;C:\Users\Soliman\.gradle\caches\modules-2\files-2.1\org.jetbrains.kotlin\kotlin-daemon-embeddable\1.4.10\dbd67f42bed28043d17d7c860b06110a00a45970\kotlin-daemon-embeddable-1.4.10.jar;C:\Users\Soliman\.gradle\caches\modules-2\files-2.1\org.jetbrains.intellij.deps\trove4j\1.0.20181211\216c2e14b070f334479d800987affe4054cd563f\trove4j-1.0.20181211.jar;C:\Users\Soliman\.gradle\caches\modules-2\files-2.1\org.jetbrains.kotlin\kotlin-stdlib-common\1.4.10\6229be3465805c99db1142ad75e6c6ddeac0b04c\kotlin-stdlib-common-1.4.10.jar;C:\Users\Soliman\.gradle\caches\modules-2\files-2.1\org.jetbrains\annotations\13.0\919f0dfe192fb4e063e7dacadee7f8bb9a2672a9\annotations-13.0.jar
Launcher Type: SUN_STANDARD

[Global flags]
     intx CICompilerCount                          = 3                                         {product} {ergonomic}
     uint ConcGCThreads                            = 1                                         {product} {ergonomic}
     uint G1ConcRefinementThreads                  = 4                                         {product} {ergonomic}
   size_t G1HeapRegionSize                         = 1048576                                   {product} {ergonomic}
    uintx GCDrainStackTargetSize                   = 64                                        {product} {ergonomic}
   size_t InitialHeapSize                          = 335544320                                 {product} {ergonomic}
   size_t MarkStackSize                            = 4194304                                   {product} {ergonomic}
   size_t MaxHeapSize                              = 5337251840                                {product} {ergonomic}
   size_t MinHeapDeltaBytes                        = 1048576                                   {product} {ergonomic}
   size_t MinHeapSize                              = 8388608                                   {product} {ergonomic}
    uintx NonNMethodCodeHeapSize                   = 5832780                                {pd product} {ergonomic}
    uintx NonProfiledCodeHeapSize                  = 122912730                              {pd product} {ergonomic}
    uintx ProfiledCodeHeapSize                     = 122912730                              {pd product} {ergonomic}
    uintx ReservedCodeCacheSize                    = 251658240                              {pd product} {ergonomic}
     bool SegmentedCodeCache                       = true                                      {product} {ergonomic}
   size_t SoftMaxHeapSize                          = 5337251840                             {manageable} {ergonomic}
     bool UseCompressedClassPointers               = true                                 {lp64_product} {ergonomic}
     bool UseCompressedOops                        = true                                 {lp64_product} {ergonomic}
     bool UseG1GC                                  = true                                      {product} {ergonomic}
     bool UseLargePagesIndividualAllocation        = false                                  {pd product} {ergonomic}

Logging:
Log output configuration:
 #0: stdout all=warning uptime,level,tags
 #1: stderr all=off uptime,level,tags

Environment Variables:
PATH=C:\PROGRA~2\RATIONAL\RATION~1\NUTCROOT\bin;C:\PROGRA~2\RATIONAL\RATION~1\NUTCROOT\bin\x11;C:\PROGRA~2\RATIONAL\RATION~1\NUTCROOT\mksnt;C:\Soliman\product\11.2.0\client_2;C:\Soliman\product\11.2.0\client_2\bin;C:\product\product\11.2.0\client_1\bin;C:\product\11.2.0\dbhome_1\bin;C:\ProgramData\Oracle\Java\javapath;C:\Windows\system32;C:\Windows;C:\Windows\System32\Wbem;C:\Windows\System32\WindowsPowerShell\v1.0\;C:\Windows\System32\OpenSSH\;C:\Program Files\Microsoft SQL Server\130\Tools\Binn\;C:\Program Files\Microsoft SQL Server\Client SDK\ODBC\170\Tools\Binn\;C:\Program Files\Java\jdk-14.0.1\bin;C:\ProgramData\chocolatey\bin;C:\Program Files (x86)\Rational\common;C:\Program Files (x86)\Rational\ClearQuest;C:\Program Files (x86)\Rational\Rose\TopLink\;C:\Program Files (x86)\Rational\Rational Test;C:\Program Files\Microsoft SQL Server\Client SDK\ODBC\130\Tools\Binn\;C:\Program Files (x86)\Microsoft SQL Server\140\Tools\Binn\;C:\Program Files\Microsoft SQL Server\140\Tools\Binn\;C:\Program Files\Microsoft SQL Server\140\DTS\Binn\;C:\Program Files (x86)\Microsoft SQL Server\Client SDK\ODBC\130\Tools\Binn\;C:\Program Files (x86)\Microsoft SQL Server\140\DTS\Binn\;C:\Program Files (x86)\Microsoft SQL Server\140\Tools\Binn\ManagementStudio\;C:\Program Files\dotnet\;C:\Program Files\Git\cmd;F:\Mat lab\runtime\win64;F:\Mat lab\bin;F:\matlab\runtime\win64;F:\matlab\bin;F:\Anaconda;C:\Users\Soliman\AppData\Local\Temp\flutter_sdk\flutter\bin\cache\dart-sdk;C:\Users\Soliman\AppData\Local\Temp\flutter_sdk\flutter;C:\Users\Soliman\AppData\Local\Microsoft\WindowsApps;C:\Users\Soliman\AppData\Local\GitHubDesktop\bin;C:\tools\dart-sdk\bin;C:\Users\Soliman\AppData\Roaming\Pub\Cache\bin;F:\VS_Code\Microsoft VS Code\bin
USERNAME=Soliman
SHELL=C:\PROGRA~2\RATIONAL\RATION~1\NUTCROOT\mksnt\sh.exe
DISPLAY=:0.0
OS=Windows_NT
PROCESSOR_IDENTIFIER=Intel64 Family 6 Model 78 Stepping 3, GenuineIntel



---------------  S Y S T E M  ---------------

OS: Windows 10 , 64 bit Build 18362 (10.0.18362.959)
OS uptime: 4 days 13:25 hours

CPU:total 4 (initial active 4) (2 cores per cpu, 2 threads per core) family 6 model 78 stepping 3, cmov, cx8, fxsr, mmx, sse, sse2, sse3, ssse3, sse4.1, sse4.2, popcnt, avx, avx2, aes, clmul, erms, 3dnowpref, lzcnt, ht, tsc, tscinvbit, bmi1, bmi2, adx, fma

Memory: 4k page, system-wide physical 20353M (2918M free)
TotalPageFile size 25953M (AvailPageFile size 314M)
current process WorkingSet (physical memory assigned to process): 10M, peak: 10M
current process commit charge ("private bytes"): 52M, peak: 372M

vm_info: Java HotSpot(TM) 64-Bit Server VM (14.0.1+7) for windows-amd64 JRE (14.0.1+7), built on Mar  5 2020 10:30:14 by "mach5one" with MS VC++ 15.9 (VS2017)

END.
